#! /usr/bin/vvp
:ivl_version "11.0 (stable)";
:ivl_delay_selection "TYPICAL";
:vpi_time_precision - 12;
:vpi_module "/usr/lib/x86_64-linux-gnu/ivl/system.vpi";
:vpi_module "/usr/lib/x86_64-linux-gnu/ivl/vhdl_sys.vpi";
:vpi_module "/usr/lib/x86_64-linux-gnu/ivl/vhdl_textio.vpi";
:vpi_module "/usr/lib/x86_64-linux-gnu/ivl/v2005_math.vpi";
:vpi_module "/usr/lib/x86_64-linux-gnu/ivl/va_math.vpi";
S_0x55d6e0e1bbf0 .scope module, "cla_tb" "cla_tb" 2 3;
 .timescale -9 -12;
v0x55d6e0e42f90_0 .var "A", 3 0;
v0x55d6e0e43070_0 .var "B", 3 0;
v0x55d6e0e43110_0 .var "C0", 0 0;
v0x55d6e0e431b0_0 .net "Cout", 0 0, v0x55d6e0e31dc0_0;  1 drivers
v0x55d6e0e432a0_0 .net "S", 3 0, L_0x55d6e0e44280;  1 drivers
v0x55d6e0e43390_0 .var "clk", 0 0;
v0x55d6e0e43430_0 .var "reset", 0 0;
S_0x55d6e0e08fb0 .scope module, "u_cla_4_bit" "cla_4_bit" 2 10, 3 4 0, S_0x55d6e0e1bbf0;
 .timescale -9 -12;
    .port_info 0 /INPUT 4 "A";
    .port_info 1 /INPUT 4 "B";
    .port_info 2 /INPUT 1 "C0";
    .port_info 3 /INPUT 1 "clk";
    .port_info 4 /INPUT 1 "reset";
    .port_info 5 /OUTPUT 4 "S";
    .port_info 6 /OUTPUT 1 "Cout";
v0x55d6e0e42430_0 .net "A", 3 0, v0x55d6e0e42f90_0;  1 drivers
v0x55d6e0e42530_0 .net "A_after", 3 0, L_0x55d6e0e43830;  1 drivers
v0x55d6e0e425f0_0 .net "B", 3 0, v0x55d6e0e43070_0;  1 drivers
v0x55d6e0e42690_0 .net "B_after", 3 0, L_0x55d6e0e43cc0;  1 drivers
v0x55d6e0e42750_0 .net "C0", 0 0, v0x55d6e0e43110_0;  1 drivers
v0x55d6e0e427f0_0 .net "C0_after", 0 0, v0x55d6e0e31820_0;  1 drivers
v0x55d6e0e42890_0 .net "Cout", 0 0, v0x55d6e0e31dc0_0;  alias, 1 drivers
v0x55d6e0e42930_0 .net "Cout_before", 0 0, L_0x55d6e0e4a000;  1 drivers
v0x55d6e0e429d0_0 .net "G_bar", 3 0, L_0x55d6e0e46ff0;  1 drivers
v0x55d6e0e42a70_0 .net "G_out_bar", 0 0, L_0x55d6e0e49c20;  1 drivers
v0x55d6e0e42b10_0 .net "P_bar", 3 0, L_0x55d6e0e45f40;  1 drivers
v0x55d6e0e42bb0_0 .net "P_out_bar", 0 0, L_0x55d6e0e49d90;  1 drivers
v0x55d6e0e42c50_0 .net "S", 3 0, L_0x55d6e0e44280;  alias, 1 drivers
v0x55d6e0e42cf0_0 .net "S_before", 3 0, L_0x55d6e0e4a6a0;  1 drivers
v0x55d6e0e42d90_0 .net "clk", 0 0, v0x55d6e0e43390_0;  1 drivers
v0x55d6e0e42e30_0 .net "reset", 0 0, v0x55d6e0e43430_0;  1 drivers
L_0x55d6e0e434d0 .part v0x55d6e0e42f90_0, 0, 1;
L_0x55d6e0e435c0 .part v0x55d6e0e42f90_0, 1, 1;
L_0x55d6e0e43660 .part v0x55d6e0e42f90_0, 2, 1;
L_0x55d6e0e43790 .part v0x55d6e0e42f90_0, 3, 1;
L_0x55d6e0e43830 .concat8 [ 1 1 1 1], v0x55d6e0dfa100_0, v0x55d6e0e1dcf0_0, v0x55d6e0e2f5b0_0, v0x55d6e0e2fb20_0;
L_0x55d6e0e438d0 .part v0x55d6e0e43070_0, 0, 1;
L_0x55d6e0e43a00 .part v0x55d6e0e43070_0, 1, 1;
L_0x55d6e0e43aa0 .part v0x55d6e0e43070_0, 2, 1;
L_0x55d6e0e43c20 .part v0x55d6e0e43070_0, 3, 1;
L_0x55d6e0e43cc0 .concat8 [ 1 1 1 1], v0x55d6e0e300f0_0, v0x55d6e0e30680_0, v0x55d6e0e30bb0_0, v0x55d6e0e311a0_0;
L_0x55d6e0e43df0 .part L_0x55d6e0e4a6a0, 0, 1;
L_0x55d6e0e43ec0 .part L_0x55d6e0e4a6a0, 1, 1;
L_0x55d6e0e43fd0 .part L_0x55d6e0e4a6a0, 2, 1;
L_0x55d6e0e44130 .part L_0x55d6e0e4a6a0, 3, 1;
L_0x55d6e0e44280 .concat8 [ 1 1 1 1], v0x55d6e0e323b0_0, v0x55d6e0e329a0_0, v0x55d6e0e32f90_0, v0x55d6e0e33580_0;
S_0x55d6e0e0a320 .scope module, "ff_A0" "D_flipflop" 3 18, 4 1 0, S_0x55d6e0e08fb0;
 .timescale 0 0;
    .port_info 0 /INPUT 1 "d";
    .port_info 1 /INPUT 1 "clk";
    .port_info 2 /INPUT 1 "reset";
    .port_info 3 /OUTPUT 1 "q";
v0x55d6e0dfaf30_0 .net "clk", 0 0, v0x55d6e0e43390_0;  alias, 1 drivers
v0x55d6e0dfa000_0 .net "d", 0 0, L_0x55d6e0e434d0;  1 drivers
v0x55d6e0dfa100_0 .var "q", 0 0;
v0x55d6e0e1f490_0 .net "reset", 0 0, v0x55d6e0e43430_0;  alias, 1 drivers
E_0x55d6e0d8a2d0 .event posedge, v0x55d6e0e1f490_0, v0x55d6e0dfaf30_0;
S_0x55d6e0e2eee0 .scope module, "ff_A1" "D_flipflop" 3 19, 4 1 0, S_0x55d6e0e08fb0;
 .timescale 0 0;
    .port_info 0 /INPUT 1 "d";
    .port_info 1 /INPUT 1 "clk";
    .port_info 2 /INPUT 1 "reset";
    .port_info 3 /OUTPUT 1 "q";
v0x55d6e0e1ecc0_0 .net "clk", 0 0, v0x55d6e0e43390_0;  alias, 1 drivers
v0x55d6e0e1e4f0_0 .net "d", 0 0, L_0x55d6e0e435c0;  1 drivers
v0x55d6e0e1dcf0_0 .var "q", 0 0;
v0x55d6e0e2f090_0 .net "reset", 0 0, v0x55d6e0e43430_0;  alias, 1 drivers
S_0x55d6e0e2f1f0 .scope module, "ff_A2" "D_flipflop" 3 20, 4 1 0, S_0x55d6e0e08fb0;
 .timescale 0 0;
    .port_info 0 /INPUT 1 "d";
    .port_info 1 /INPUT 1 "clk";
    .port_info 2 /INPUT 1 "reset";
    .port_info 3 /OUTPUT 1 "q";
v0x55d6e0e2f400_0 .net "clk", 0 0, v0x55d6e0e43390_0;  alias, 1 drivers
v0x55d6e0e2f4f0_0 .net "d", 0 0, L_0x55d6e0e43660;  1 drivers
v0x55d6e0e2f5b0_0 .var "q", 0 0;
v0x55d6e0e2f650_0 .net "reset", 0 0, v0x55d6e0e43430_0;  alias, 1 drivers
S_0x55d6e0e2f7c0 .scope module, "ff_A3" "D_flipflop" 3 21, 4 1 0, S_0x55d6e0e08fb0;
 .timescale 0 0;
    .port_info 0 /INPUT 1 "d";
    .port_info 1 /INPUT 1 "clk";
    .port_info 2 /INPUT 1 "reset";
    .port_info 3 /OUTPUT 1 "q";
v0x55d6e0e2f9a0_0 .net "clk", 0 0, v0x55d6e0e43390_0;  alias, 1 drivers
v0x55d6e0e2fa60_0 .net "d", 0 0, L_0x55d6e0e43790;  1 drivers
v0x55d6e0e2fb20_0 .var "q", 0 0;
v0x55d6e0e2fbf0_0 .net "reset", 0 0, v0x55d6e0e43430_0;  alias, 1 drivers
S_0x55d6e0e2fd40 .scope module, "ff_B0" "D_flipflop" 3 23, 4 1 0, S_0x55d6e0e08fb0;
 .timescale 0 0;
    .port_info 0 /INPUT 1 "d";
    .port_info 1 /INPUT 1 "clk";
    .port_info 2 /INPUT 1 "reset";
    .port_info 3 /OUTPUT 1 "q";
v0x55d6e0e2ff70_0 .net "clk", 0 0, v0x55d6e0e43390_0;  alias, 1 drivers
v0x55d6e0e30030_0 .net "d", 0 0, L_0x55d6e0e438d0;  1 drivers
v0x55d6e0e300f0_0 .var "q", 0 0;
v0x55d6e0e30190_0 .net "reset", 0 0, v0x55d6e0e43430_0;  alias, 1 drivers
S_0x55d6e0e30370 .scope module, "ff_B1" "D_flipflop" 3 24, 4 1 0, S_0x55d6e0e08fb0;
 .timescale 0 0;
    .port_info 0 /INPUT 1 "d";
    .port_info 1 /INPUT 1 "clk";
    .port_info 2 /INPUT 1 "reset";
    .port_info 3 /OUTPUT 1 "q";
v0x55d6e0e30500_0 .net "clk", 0 0, v0x55d6e0e43390_0;  alias, 1 drivers
v0x55d6e0e305c0_0 .net "d", 0 0, L_0x55d6e0e43a00;  1 drivers
v0x55d6e0e30680_0 .var "q", 0 0;
v0x55d6e0e30750_0 .net "reset", 0 0, v0x55d6e0e43430_0;  alias, 1 drivers
S_0x55d6e0e308a0 .scope module, "ff_B2" "D_flipflop" 3 25, 4 1 0, S_0x55d6e0e08fb0;
 .timescale 0 0;
    .port_info 0 /INPUT 1 "d";
    .port_info 1 /INPUT 1 "clk";
    .port_info 2 /INPUT 1 "reset";
    .port_info 3 /OUTPUT 1 "q";
v0x55d6e0e30a30_0 .net "clk", 0 0, v0x55d6e0e43390_0;  alias, 1 drivers
v0x55d6e0e30af0_0 .net "d", 0 0, L_0x55d6e0e43aa0;  1 drivers
v0x55d6e0e30bb0_0 .var "q", 0 0;
v0x55d6e0e30c80_0 .net "reset", 0 0, v0x55d6e0e43430_0;  alias, 1 drivers
S_0x55d6e0e30dd0 .scope module, "ff_B3" "D_flipflop" 3 26, 4 1 0, S_0x55d6e0e08fb0;
 .timescale 0 0;
    .port_info 0 /INPUT 1 "d";
    .port_info 1 /INPUT 1 "clk";
    .port_info 2 /INPUT 1 "reset";
    .port_info 3 /OUTPUT 1 "q";
v0x55d6e0e31020_0 .net "clk", 0 0, v0x55d6e0e43390_0;  alias, 1 drivers
v0x55d6e0e310e0_0 .net "d", 0 0, L_0x55d6e0e43c20;  1 drivers
v0x55d6e0e311a0_0 .var "q", 0 0;
v0x55d6e0e31270_0 .net "reset", 0 0, v0x55d6e0e43430_0;  alias, 1 drivers
S_0x55d6e0e313c0 .scope module, "ff_C0" "D_flipflop" 3 28, 4 1 0, S_0x55d6e0e08fb0;
 .timescale 0 0;
    .port_info 0 /INPUT 1 "d";
    .port_info 1 /INPUT 1 "clk";
    .port_info 2 /INPUT 1 "reset";
    .port_info 3 /OUTPUT 1 "q";
v0x55d6e0e316a0_0 .net "clk", 0 0, v0x55d6e0e43390_0;  alias, 1 drivers
v0x55d6e0e31760_0 .net "d", 0 0, v0x55d6e0e43110_0;  alias, 1 drivers
v0x55d6e0e31820_0 .var "q", 0 0;
v0x55d6e0e318f0_0 .net "reset", 0 0, v0x55d6e0e43430_0;  alias, 1 drivers
S_0x55d6e0e31a40 .scope module, "ff_Cout" "D_flipflop" 3 35, 4 1 0, S_0x55d6e0e08fb0;
 .timescale 0 0;
    .port_info 0 /INPUT 1 "d";
    .port_info 1 /INPUT 1 "clk";
    .port_info 2 /INPUT 1 "reset";
    .port_info 3 /OUTPUT 1 "q";
v0x55d6e0e31c40_0 .net "clk", 0 0, v0x55d6e0e43390_0;  alias, 1 drivers
v0x55d6e0e31d00_0 .net "d", 0 0, L_0x55d6e0e4a000;  alias, 1 drivers
v0x55d6e0e31dc0_0 .var "q", 0 0;
v0x55d6e0e31e90_0 .net "reset", 0 0, v0x55d6e0e43430_0;  alias, 1 drivers
S_0x55d6e0e31fe0 .scope module, "ff_S0" "D_flipflop" 3 30, 4 1 0, S_0x55d6e0e08fb0;
 .timescale 0 0;
    .port_info 0 /INPUT 1 "d";
    .port_info 1 /INPUT 1 "clk";
    .port_info 2 /INPUT 1 "reset";
    .port_info 3 /OUTPUT 1 "q";
v0x55d6e0e32230_0 .net "clk", 0 0, v0x55d6e0e43390_0;  alias, 1 drivers
v0x55d6e0e322f0_0 .net "d", 0 0, L_0x55d6e0e43df0;  1 drivers
v0x55d6e0e323b0_0 .var "q", 0 0;
v0x55d6e0e32480_0 .net "reset", 0 0, v0x55d6e0e43430_0;  alias, 1 drivers
S_0x55d6e0e325d0 .scope module, "ff_S1" "D_flipflop" 3 31, 4 1 0, S_0x55d6e0e08fb0;
 .timescale 0 0;
    .port_info 0 /INPUT 1 "d";
    .port_info 1 /INPUT 1 "clk";
    .port_info 2 /INPUT 1 "reset";
    .port_info 3 /OUTPUT 1 "q";
v0x55d6e0e32820_0 .net "clk", 0 0, v0x55d6e0e43390_0;  alias, 1 drivers
v0x55d6e0e328e0_0 .net "d", 0 0, L_0x55d6e0e43ec0;  1 drivers
v0x55d6e0e329a0_0 .var "q", 0 0;
v0x55d6e0e32a70_0 .net "reset", 0 0, v0x55d6e0e43430_0;  alias, 1 drivers
S_0x55d6e0e32bc0 .scope module, "ff_S2" "D_flipflop" 3 32, 4 1 0, S_0x55d6e0e08fb0;
 .timescale 0 0;
    .port_info 0 /INPUT 1 "d";
    .port_info 1 /INPUT 1 "clk";
    .port_info 2 /INPUT 1 "reset";
    .port_info 3 /OUTPUT 1 "q";
v0x55d6e0e32e10_0 .net "clk", 0 0, v0x55d6e0e43390_0;  alias, 1 drivers
v0x55d6e0e32ed0_0 .net "d", 0 0, L_0x55d6e0e43fd0;  1 drivers
v0x55d6e0e32f90_0 .var "q", 0 0;
v0x55d6e0e33060_0 .net "reset", 0 0, v0x55d6e0e43430_0;  alias, 1 drivers
S_0x55d6e0e331b0 .scope module, "ff_S3" "D_flipflop" 3 33, 4 1 0, S_0x55d6e0e08fb0;
 .timescale 0 0;
    .port_info 0 /INPUT 1 "d";
    .port_info 1 /INPUT 1 "clk";
    .port_info 2 /INPUT 1 "reset";
    .port_info 3 /OUTPUT 1 "q";
v0x55d6e0e33400_0 .net "clk", 0 0, v0x55d6e0e43390_0;  alias, 1 drivers
v0x55d6e0e334c0_0 .net "d", 0 0, L_0x55d6e0e44130;  1 drivers
v0x55d6e0e33580_0 .var "q", 0 0;
v0x55d6e0e33650_0 .net "reset", 0 0, v0x55d6e0e43430_0;  alias, 1 drivers
S_0x55d6e0e337a0 .scope module, "u_cla_4_bit_logic" "cla_4_bit_logic" 3 37, 3 46 0, S_0x55d6e0e08fb0;
 .timescale -9 -12;
    .port_info 0 /INPUT 4 "A";
    .port_info 1 /INPUT 4 "B";
    .port_info 2 /INPUT 1 "C0";
    .port_info 3 /OUTPUT 4 "S";
    .port_info 4 /OUTPUT 1 "Cout";
    .port_info 5 /OUTPUT 4 "P_bar";
    .port_info 6 /OUTPUT 4 "G_bar";
    .port_info 7 /OUTPUT 1 "P_out_bar";
    .port_info 8 /OUTPUT 1 "G_out_bar";
v0x55d6e0e40820_0 .net "A", 3 0, L_0x55d6e0e43830;  alias, 1 drivers
v0x55d6e0e40900_0 .net "B", 3 0, L_0x55d6e0e43cc0;  alias, 1 drivers
v0x55d6e0e409e0_0 .net "C0", 0 0, v0x55d6e0e31820_0;  alias, 1 drivers
v0x55d6e0e40ab0_0 .net "C0_bar", 0 0, L_0x55d6e0e43f60;  1 drivers
v0x55d6e0e40b50_0 .net "Cout", 0 0, L_0x55d6e0e4a000;  alias, 1 drivers
v0x55d6e0e40c40_0 .net "G_bar", 3 0, L_0x55d6e0e46ff0;  alias, 1 drivers
v0x55d6e0e40d00_0 .net "G_out_bar", 0 0, L_0x55d6e0e49c20;  alias, 1 drivers
v0x55d6e0e40df0_0 .net "P_bar", 3 0, L_0x55d6e0e45f40;  alias, 1 drivers
v0x55d6e0e40ed0_0 .net "P_out_bar", 0 0, L_0x55d6e0e49d90;  alias, 1 drivers
v0x55d6e0e40f70_0 .net "S", 3 0, L_0x55d6e0e4a6a0;  alias, 1 drivers
v0x55d6e0e41050_0 .net "node01", 0 0, L_0x55d6e0e44470;  1 drivers
v0x55d6e0e41140_0 .net "node02", 0 0, L_0x55d6e0e47300;  1 drivers
v0x55d6e0e41230_0 .net "node03", 0 0, L_0x55d6e0e47e20;  1 drivers
v0x55d6e0e412d0_0 .net "node11", 0 0, L_0x55d6e0e446d0;  1 drivers
v0x55d6e0e413c0_0 .net "node12", 0 0, L_0x55d6e0e47460;  1 drivers
v0x55d6e0e414b0_0 .net "node13", 0 0, L_0x55d6e0e481e0;  1 drivers
v0x55d6e0e41550_0 .net "node14", 0 0, L_0x55d6e0e48870;  1 drivers
v0x55d6e0e415f0_0 .net "node15", 0 0, L_0x55d6e0e49620;  1 drivers
v0x55d6e0e416e0_0 .net "node16", 0 0, L_0x55d6e0e49800;  1 drivers
v0x55d6e0e417d0_0 .net "node21", 0 0, L_0x55d6e0e44a20;  1 drivers
v0x55d6e0e418c0_0 .net "node22", 0 0, L_0x55d6e0e477a0;  1 drivers
v0x55d6e0e419b0_0 .net "node23", 0 0, L_0x55d6e0e48480;  1 drivers
v0x55d6e0e41aa0_0 .net "node24", 0 0, L_0x55d6e0e48e10;  1 drivers
v0x55d6e0e41b90_0 .net "node25", 0 0, L_0x55d6e0e49690;  1 drivers
v0x55d6e0e41c80_0 .net "node26", 0 0, L_0x55d6e0e49900;  1 drivers
v0x55d6e0e41d70_0 .net "node31", 0 0, L_0x55d6e0e44c60;  1 drivers
v0x55d6e0e41e60_0 .net "node32", 0 0, L_0x55d6e0e47a50;  1 drivers
v0x55d6e0e41f50_0 .net "node33", 0 0, L_0x55d6e0e48030;  1 drivers
v0x55d6e0e42040_0 .net "node34", 0 0, L_0x55d6e0e49270;  1 drivers
v0x55d6e0e420e0_0 .net "node35", 0 0, L_0x55d6e0e49790;  1 drivers
v0x55d6e0e421d0_0 .net "node36", 0 0, L_0x55d6e0e49e90;  1 drivers
L_0x55d6e0e44540 .part L_0x55d6e0e43830, 0, 1;
L_0x55d6e0e445e0 .part L_0x55d6e0e43cc0, 0, 1;
L_0x55d6e0e44740 .part L_0x55d6e0e43830, 1, 1;
L_0x55d6e0e448c0 .part L_0x55d6e0e43cc0, 1, 1;
L_0x55d6e0e44a90 .part L_0x55d6e0e43830, 2, 1;
L_0x55d6e0e44b30 .part L_0x55d6e0e43cc0, 2, 1;
L_0x55d6e0e44cd0 .part L_0x55d6e0e43830, 3, 1;
L_0x55d6e0e44dc0 .part L_0x55d6e0e43cc0, 3, 1;
L_0x55d6e0e45060 .part L_0x55d6e0e43830, 0, 1;
L_0x55d6e0e45150 .part L_0x55d6e0e43cc0, 0, 1;
L_0x55d6e0e453b0 .part L_0x55d6e0e43830, 1, 1;
L_0x55d6e0e455b0 .part L_0x55d6e0e43cc0, 1, 1;
L_0x55d6e0e45980 .part L_0x55d6e0e43830, 2, 1;
L_0x55d6e0e45a70 .part L_0x55d6e0e43cc0, 2, 1;
L_0x55d6e0e45cd0 .part L_0x55d6e0e43830, 3, 1;
L_0x55d6e0e45dc0 .part L_0x55d6e0e43cc0, 3, 1;
L_0x55d6e0e45f40 .concat8 [ 1 1 1 1], L_0x55d6e0e44f70, L_0x55d6e0e45310, L_0x55d6e0e45890, L_0x55d6e0e45be0;
L_0x55d6e0e462a0 .part L_0x55d6e0e43830, 0, 1;
L_0x55d6e0e46430 .part L_0x55d6e0e43cc0, 0, 1;
L_0x55d6e0e46650 .part L_0x55d6e0e43830, 1, 1;
L_0x55d6e0e46390 .part L_0x55d6e0e43cc0, 1, 1;
L_0x55d6e0e46970 .part L_0x55d6e0e43830, 2, 1;
L_0x55d6e0e46b20 .part L_0x55d6e0e43cc0, 2, 1;
L_0x55d6e0e46d40 .part L_0x55d6e0e43830, 3, 1;
L_0x55d6e0e46f00 .part L_0x55d6e0e43cc0, 3, 1;
L_0x55d6e0e46ff0 .concat8 [ 1 1 1 1], L_0x55d6e0e461e0, L_0x55d6e0e46590, L_0x55d6e0e468b0, L_0x55d6e0e46c80;
L_0x55d6e0e47370 .part L_0x55d6e0e45f40, 0, 1;
L_0x55d6e0e474d0 .part L_0x55d6e0e46ff0, 0, 1;
L_0x55d6e0e476b0 .part L_0x55d6e0e45f40, 1, 1;
L_0x55d6e0e47810 .part L_0x55d6e0e46ff0, 1, 1;
L_0x55d6e0e479b0 .part L_0x55d6e0e45f40, 2, 1;
L_0x55d6e0e47ac0 .part L_0x55d6e0e46ff0, 2, 1;
L_0x55d6e0e47cc0 .part L_0x55d6e0e45f40, 3, 1;
L_0x55d6e0e47f20 .part L_0x55d6e0e46ff0, 0, 1;
L_0x55d6e0e482e0 .part L_0x55d6e0e46ff0, 1, 1;
L_0x55d6e0e484f0 .part L_0x55d6e0e46ff0, 2, 1;
L_0x55d6e0e48710 .part L_0x55d6e0e46ff0, 3, 1;
L_0x55d6e0e48970 .part L_0x55d6e0e45f40, 1, 1;
L_0x55d6e0e48ba0 .part L_0x55d6e0e45f40, 0, 1;
L_0x55d6e0e48ed0 .part L_0x55d6e0e45f40, 2, 1;
L_0x55d6e0e49110 .part L_0x55d6e0e45f40, 1, 1;
L_0x55d6e0e492e0 .part L_0x55d6e0e45f40, 3, 1;
L_0x55d6e0e49530 .part L_0x55d6e0e45f40, 2, 1;
L_0x55d6e0e4a6a0 .concat8 [ 1 1 1 1], L_0x55d6e0e4a100, L_0x55d6e0e4a280, L_0x55d6e0e4a380, L_0x55d6e0e4a510;
S_0x55d6e0e33ab0 .scope module, "u_and1" "and_gate" 3 94, 4 31 0, S_0x55d6e0e337a0;
 .timescale 0 0;
    .port_info 0 /INPUT 1 "a";
    .port_info 1 /INPUT 1 "b";
    .port_info 2 /OUTPUT 1 "out";
L_0x55d6e0e49790 .functor AND 1, L_0x55d6e0e49270, L_0x55d6e0e481e0, C4<1>, C4<1>;
v0x55d6e0e33d20_0 .net "a", 0 0, L_0x55d6e0e49270;  alias, 1 drivers
v0x55d6e0e33e00_0 .net "b", 0 0, L_0x55d6e0e481e0;  alias, 1 drivers
v0x55d6e0e33ec0_0 .net "out", 0 0, L_0x55d6e0e49790;  alias, 1 drivers
S_0x55d6e0e33fe0 .scope module, "u_and2" "and_gate" 3 93, 4 31 0, S_0x55d6e0e337a0;
 .timescale 0 0;
    .port_info 0 /INPUT 1 "a";
    .port_info 1 /INPUT 1 "b";
    .port_info 2 /OUTPUT 1 "out";
L_0x55d6e0e49690 .functor AND 1, L_0x55d6e0e48e10, L_0x55d6e0e47e20, C4<1>, C4<1>;
v0x55d6e0e34210_0 .net "a", 0 0, L_0x55d6e0e48e10;  alias, 1 drivers
v0x55d6e0e342f0_0 .net "b", 0 0, L_0x55d6e0e47e20;  alias, 1 drivers
v0x55d6e0e343b0_0 .net "out", 0 0, L_0x55d6e0e49690;  alias, 1 drivers
S_0x55d6e0e34500 .scope module, "u_and3" "and_gate" 3 92, 4 31 0, S_0x55d6e0e337a0;
 .timescale 0 0;
    .port_info 0 /INPUT 1 "a";
    .port_info 1 /INPUT 1 "b";
    .port_info 2 /OUTPUT 1 "out";
L_0x55d6e0e49620 .functor AND 1, L_0x55d6e0e48870, v0x55d6e0e31820_0, C4<1>, C4<1>;
v0x55d6e0e34760_0 .net "a", 0 0, L_0x55d6e0e48870;  alias, 1 drivers
v0x55d6e0e34820_0 .net "b", 0 0, v0x55d6e0e31820_0;  alias, 1 drivers
v0x55d6e0e34910_0 .net "out", 0 0, L_0x55d6e0e49620;  alias, 1 drivers
S_0x55d6e0e34a20 .scope module, "u_nand1" "nand_gate" 3 76, 4 23 0, S_0x55d6e0e337a0;
 .timescale 0 0;
    .port_info 0 /INPUT 1 "a";
    .port_info 1 /INPUT 1 "b";
    .port_info 2 /OUTPUT 1 "out";
L_0x55d6e0e46c10 .functor AND 1, L_0x55d6e0e46d40, L_0x55d6e0e46f00, C4<1>, C4<1>;
L_0x55d6e0e46c80 .functor NOT 1, L_0x55d6e0e46c10, C4<0>, C4<0>, C4<0>;
v0x55d6e0e34c50_0 .net *"_ivl_0", 0 0, L_0x55d6e0e46c10;  1 drivers
v0x55d6e0e34d50_0 .net "a", 0 0, L_0x55d6e0e46d40;  1 drivers
v0x55d6e0e34e10_0 .net "b", 0 0, L_0x55d6e0e46f00;  1 drivers
v0x55d6e0e34ee0_0 .net "out", 0 0, L_0x55d6e0e46c80;  1 drivers
S_0x55d6e0e35020 .scope module, "u_nand10" "nand_gate" 3 103, 4 23 0, S_0x55d6e0e337a0;
 .timescale 0 0;
    .port_info 0 /INPUT 1 "a";
    .port_info 1 /INPUT 1 "b";
    .port_info 2 /OUTPUT 1 "out";
L_0x55d6e0e49f00 .functor AND 1, L_0x55d6e0e49e90, L_0x55d6e0e49c20, C4<1>, C4<1>;
L_0x55d6e0e4a000 .functor NOT 1, L_0x55d6e0e49f00, C4<0>, C4<0>, C4<0>;
v0x55d6e0e352a0_0 .net *"_ivl_0", 0 0, L_0x55d6e0e49f00;  1 drivers
v0x55d6e0e353a0_0 .net "a", 0 0, L_0x55d6e0e49e90;  alias, 1 drivers
v0x55d6e0e35460_0 .net "b", 0 0, L_0x55d6e0e49c20;  alias, 1 drivers
v0x55d6e0e35500_0 .net "out", 0 0, L_0x55d6e0e4a000;  alias, 1 drivers
S_0x55d6e0e35630 .scope module, "u_nand2" "nand_gate" 3 75, 4 23 0, S_0x55d6e0e337a0;
 .timescale 0 0;
    .port_info 0 /INPUT 1 "a";
    .port_info 1 /INPUT 1 "b";
    .port_info 2 /OUTPUT 1 "out";
L_0x55d6e0e46840 .functor AND 1, L_0x55d6e0e46970, L_0x55d6e0e46b20, C4<1>, C4<1>;
L_0x55d6e0e468b0 .functor NOT 1, L_0x55d6e0e46840, C4<0>, C4<0>, C4<0>;
v0x55d6e0e35860_0 .net *"_ivl_0", 0 0, L_0x55d6e0e46840;  1 drivers
v0x55d6e0e35960_0 .net "a", 0 0, L_0x55d6e0e46970;  1 drivers
v0x55d6e0e35a20_0 .net "b", 0 0, L_0x55d6e0e46b20;  1 drivers
v0x55d6e0e35af0_0 .net "out", 0 0, L_0x55d6e0e468b0;  1 drivers
S_0x55d6e0e35c30 .scope module, "u_nand3" "nand_gate" 3 74, 4 23 0, S_0x55d6e0e337a0;
 .timescale 0 0;
    .port_info 0 /INPUT 1 "a";
    .port_info 1 /INPUT 1 "b";
    .port_info 2 /OUTPUT 1 "out";
L_0x55d6e0e46520 .functor AND 1, L_0x55d6e0e46650, L_0x55d6e0e46390, C4<1>, C4<1>;
L_0x55d6e0e46590 .functor NOT 1, L_0x55d6e0e46520, C4<0>, C4<0>, C4<0>;
v0x55d6e0e35e60_0 .net *"_ivl_0", 0 0, L_0x55d6e0e46520;  1 drivers
v0x55d6e0e35f60_0 .net "a", 0 0, L_0x55d6e0e46650;  1 drivers
v0x55d6e0e36020_0 .net "b", 0 0, L_0x55d6e0e46390;  1 drivers
v0x55d6e0e360f0_0 .net "out", 0 0, L_0x55d6e0e46590;  1 drivers
S_0x55d6e0e36230 .scope module, "u_nand4" "nand_gate" 3 73, 4 23 0, S_0x55d6e0e337a0;
 .timescale 0 0;
    .port_info 0 /INPUT 1 "a";
    .port_info 1 /INPUT 1 "b";
    .port_info 2 /OUTPUT 1 "out";
L_0x55d6e0e46170 .functor AND 1, L_0x55d6e0e462a0, L_0x55d6e0e46430, C4<1>, C4<1>;
L_0x55d6e0e461e0 .functor NOT 1, L_0x55d6e0e46170, C4<0>, C4<0>, C4<0>;
v0x55d6e0e36460_0 .net *"_ivl_0", 0 0, L_0x55d6e0e46170;  1 drivers
v0x55d6e0e36560_0 .net "a", 0 0, L_0x55d6e0e462a0;  1 drivers
v0x55d6e0e36620_0 .net "b", 0 0, L_0x55d6e0e46430;  1 drivers
v0x55d6e0e366f0_0 .net "out", 0 0, L_0x55d6e0e461e0;  1 drivers
S_0x55d6e0e36830 .scope module, "u_nand5" "nand_gate" 3 86, 4 23 0, S_0x55d6e0e337a0;
 .timescale 0 0;
    .port_info 0 /INPUT 1 "a";
    .port_info 1 /INPUT 1 "b";
    .port_info 2 /OUTPUT 1 "out";
L_0x55d6e0e47fc0 .functor AND 1, L_0x55d6e0e47a50, L_0x55d6e0e48710, C4<1>, C4<1>;
L_0x55d6e0e48030 .functor NOT 1, L_0x55d6e0e47fc0, C4<0>, C4<0>, C4<0>;
v0x55d6e0e36a10_0 .net *"_ivl_0", 0 0, L_0x55d6e0e47fc0;  1 drivers
v0x55d6e0e36b10_0 .net "a", 0 0, L_0x55d6e0e47a50;  alias, 1 drivers
v0x55d6e0e36bd0_0 .net "b", 0 0, L_0x55d6e0e48710;  1 drivers
v0x55d6e0e36ca0_0 .net "out", 0 0, L_0x55d6e0e48030;  alias, 1 drivers
S_0x55d6e0e36de0 .scope module, "u_nand6" "nand_gate" 3 85, 4 23 0, S_0x55d6e0e337a0;
 .timescale 0 0;
    .port_info 0 /INPUT 1 "a";
    .port_info 1 /INPUT 1 "b";
    .port_info 2 /OUTPUT 1 "out";
L_0x55d6e0e48380 .functor AND 1, L_0x55d6e0e477a0, L_0x55d6e0e484f0, C4<1>, C4<1>;
L_0x55d6e0e48480 .functor NOT 1, L_0x55d6e0e48380, C4<0>, C4<0>, C4<0>;
v0x55d6e0e37010_0 .net *"_ivl_0", 0 0, L_0x55d6e0e48380;  1 drivers
v0x55d6e0e37110_0 .net "a", 0 0, L_0x55d6e0e477a0;  alias, 1 drivers
v0x55d6e0e371d0_0 .net "b", 0 0, L_0x55d6e0e484f0;  1 drivers
v0x55d6e0e372a0_0 .net "out", 0 0, L_0x55d6e0e48480;  alias, 1 drivers
S_0x55d6e0e373e0 .scope module, "u_nand7" "nand_gate" 3 84, 4 23 0, S_0x55d6e0e337a0;
 .timescale 0 0;
    .port_info 0 /INPUT 1 "a";
    .port_info 1 /INPUT 1 "b";
    .port_info 2 /OUTPUT 1 "out";
L_0x55d6e0e480e0 .functor AND 1, L_0x55d6e0e47460, L_0x55d6e0e482e0, C4<1>, C4<1>;
L_0x55d6e0e481e0 .functor NOT 1, L_0x55d6e0e480e0, C4<0>, C4<0>, C4<0>;
v0x55d6e0e37610_0 .net *"_ivl_0", 0 0, L_0x55d6e0e480e0;  1 drivers
v0x55d6e0e37710_0 .net "a", 0 0, L_0x55d6e0e47460;  alias, 1 drivers
v0x55d6e0e377d0_0 .net "b", 0 0, L_0x55d6e0e482e0;  1 drivers
v0x55d6e0e378a0_0 .net "out", 0 0, L_0x55d6e0e481e0;  alias, 1 drivers
S_0x55d6e0e379d0 .scope module, "u_nand8" "nand_gate" 3 83, 4 23 0, S_0x55d6e0e337a0;
 .timescale 0 0;
    .port_info 0 /INPUT 1 "a";
    .port_info 1 /INPUT 1 "b";
    .port_info 2 /OUTPUT 1 "out";
L_0x55d6e0e47db0 .functor AND 1, L_0x55d6e0e47300, L_0x55d6e0e47f20, C4<1>, C4<1>;
L_0x55d6e0e47e20 .functor NOT 1, L_0x55d6e0e47db0, C4<0>, C4<0>, C4<0>;
v0x55d6e0e37c00_0 .net *"_ivl_0", 0 0, L_0x55d6e0e47db0;  1 drivers
v0x55d6e0e37d00_0 .net "a", 0 0, L_0x55d6e0e47300;  alias, 1 drivers
v0x55d6e0e37dc0_0 .net "b", 0 0, L_0x55d6e0e47f20;  1 drivers
v0x55d6e0e37e90_0 .net "out", 0 0, L_0x55d6e0e47e20;  alias, 1 drivers
S_0x55d6e0e37fc0 .scope module, "u_nand9" "nand_gate" 3 100, 4 23 0, S_0x55d6e0e337a0;
 .timescale 0 0;
    .port_info 0 /INPUT 1 "a";
    .port_info 1 /INPUT 1 "b";
    .port_info 2 /OUTPUT 1 "out";
L_0x55d6e0e49d20 .functor AND 1, L_0x55d6e0e49270, L_0x55d6e0e48870, C4<1>, C4<1>;
L_0x55d6e0e49d90 .functor NOT 1, L_0x55d6e0e49d20, C4<0>, C4<0>, C4<0>;
v0x55d6e0e381f0_0 .net *"_ivl_0", 0 0, L_0x55d6e0e49d20;  1 drivers
v0x55d6e0e382f0_0 .net "a", 0 0, L_0x55d6e0e49270;  alias, 1 drivers
v0x55d6e0e383e0_0 .net "b", 0 0, L_0x55d6e0e48870;  alias, 1 drivers
v0x55d6e0e384e0_0 .net "out", 0 0, L_0x55d6e0e49d90;  alias, 1 drivers
S_0x55d6e0e385a0 .scope module, "u_nor1" "nor_gate" 3 71, 4 19 0, S_0x55d6e0e337a0;
 .timescale 0 0;
    .port_info 0 /INPUT 1 "a";
    .port_info 1 /INPUT 1 "b";
    .port_info 2 /OUTPUT 1 "out";
L_0x55d6e0e457b0 .functor OR 1, L_0x55d6e0e45cd0, L_0x55d6e0e45dc0, C4<0>, C4<0>;
L_0x55d6e0e45be0 .functor NOT 1, L_0x55d6e0e457b0, C4<0>, C4<0>, C4<0>;
v0x55d6e0e387d0_0 .net *"_ivl_0", 0 0, L_0x55d6e0e457b0;  1 drivers
v0x55d6e0e388d0_0 .net "a", 0 0, L_0x55d6e0e45cd0;  1 drivers
v0x55d6e0e38990_0 .net "b", 0 0, L_0x55d6e0e45dc0;  1 drivers
v0x55d6e0e38a60_0 .net "out", 0 0, L_0x55d6e0e45be0;  1 drivers
S_0x55d6e0e38ba0 .scope module, "u_nor2" "nor_gate" 3 70, 4 19 0, S_0x55d6e0e337a0;
 .timescale 0 0;
    .port_info 0 /INPUT 1 "a";
    .port_info 1 /INPUT 1 "b";
    .port_info 2 /OUTPUT 1 "out";
L_0x55d6e0e45820 .functor OR 1, L_0x55d6e0e45980, L_0x55d6e0e45a70, C4<0>, C4<0>;
L_0x55d6e0e45890 .functor NOT 1, L_0x55d6e0e45820, C4<0>, C4<0>, C4<0>;
v0x55d6e0e38dd0_0 .net *"_ivl_0", 0 0, L_0x55d6e0e45820;  1 drivers
v0x55d6e0e38ed0_0 .net "a", 0 0, L_0x55d6e0e45980;  1 drivers
v0x55d6e0e38f90_0 .net "b", 0 0, L_0x55d6e0e45a70;  1 drivers
v0x55d6e0e39060_0 .net "out", 0 0, L_0x55d6e0e45890;  1 drivers
S_0x55d6e0e391a0 .scope module, "u_nor3" "nor_gate" 3 69, 4 19 0, S_0x55d6e0e337a0;
 .timescale 0 0;
    .port_info 0 /INPUT 1 "a";
    .port_info 1 /INPUT 1 "b";
    .port_info 2 /OUTPUT 1 "out";
L_0x55d6e0e452a0 .functor OR 1, L_0x55d6e0e453b0, L_0x55d6e0e455b0, C4<0>, C4<0>;
L_0x55d6e0e45310 .functor NOT 1, L_0x55d6e0e452a0, C4<0>, C4<0>, C4<0>;
v0x55d6e0e393d0_0 .net *"_ivl_0", 0 0, L_0x55d6e0e452a0;  1 drivers
v0x55d6e0e394d0_0 .net "a", 0 0, L_0x55d6e0e453b0;  1 drivers
v0x55d6e0e39590_0 .net "b", 0 0, L_0x55d6e0e455b0;  1 drivers
v0x55d6e0e39660_0 .net "out", 0 0, L_0x55d6e0e45310;  1 drivers
S_0x55d6e0e397a0 .scope module, "u_nor4" "nor_gate" 3 68, 4 19 0, S_0x55d6e0e337a0;
 .timescale 0 0;
    .port_info 0 /INPUT 1 "a";
    .port_info 1 /INPUT 1 "b";
    .port_info 2 /OUTPUT 1 "out";
L_0x55d6e0e44f00 .functor OR 1, L_0x55d6e0e45060, L_0x55d6e0e45150, C4<0>, C4<0>;
L_0x55d6e0e44f70 .functor NOT 1, L_0x55d6e0e44f00, C4<0>, C4<0>, C4<0>;
v0x55d6e0e39ae0_0 .net *"_ivl_0", 0 0, L_0x55d6e0e44f00;  1 drivers
v0x55d6e0e39be0_0 .net "a", 0 0, L_0x55d6e0e45060;  1 drivers
v0x55d6e0e39ca0_0 .net "b", 0 0, L_0x55d6e0e45150;  1 drivers
v0x55d6e0e39d70_0 .net "out", 0 0, L_0x55d6e0e44f70;  1 drivers
S_0x55d6e0e39eb0 .scope module, "u_nor5" "nor_gate" 3 90, 4 19 0, S_0x55d6e0e337a0;
 .timescale 0 0;
    .port_info 0 /INPUT 1 "a";
    .port_info 1 /INPUT 1 "b";
    .port_info 2 /OUTPUT 1 "out";
L_0x55d6e0e49200 .functor OR 1, L_0x55d6e0e492e0, L_0x55d6e0e49530, C4<0>, C4<0>;
L_0x55d6e0e49270 .functor NOT 1, L_0x55d6e0e49200, C4<0>, C4<0>, C4<0>;
v0x55d6e0e3a0e0_0 .net *"_ivl_0", 0 0, L_0x55d6e0e49200;  1 drivers
v0x55d6e0e3a1e0_0 .net "a", 0 0, L_0x55d6e0e492e0;  1 drivers
v0x55d6e0e3a2a0_0 .net "b", 0 0, L_0x55d6e0e49530;  1 drivers
v0x55d6e0e3a370_0 .net "out", 0 0, L_0x55d6e0e49270;  alias, 1 drivers
S_0x55d6e0e3a4e0 .scope module, "u_nor6" "nor_gate" 3 89, 4 19 0, S_0x55d6e0e337a0;
 .timescale 0 0;
    .port_info 0 /INPUT 1 "a";
    .port_info 1 /INPUT 1 "b";
    .port_info 2 /OUTPUT 1 "out";
L_0x55d6e0e48da0 .functor OR 1, L_0x55d6e0e48ed0, L_0x55d6e0e49110, C4<0>, C4<0>;
L_0x55d6e0e48e10 .functor NOT 1, L_0x55d6e0e48da0, C4<0>, C4<0>, C4<0>;
v0x55d6e0e3a710_0 .net *"_ivl_0", 0 0, L_0x55d6e0e48da0;  1 drivers
v0x55d6e0e3a810_0 .net "a", 0 0, L_0x55d6e0e48ed0;  1 drivers
v0x55d6e0e3a8d0_0 .net "b", 0 0, L_0x55d6e0e49110;  1 drivers
v0x55d6e0e3a970_0 .net "out", 0 0, L_0x55d6e0e48e10;  alias, 1 drivers
S_0x55d6e0e3aaa0 .scope module, "u_nor7" "nor_gate" 3 88, 4 19 0, S_0x55d6e0e337a0;
 .timescale 0 0;
    .port_info 0 /INPUT 1 "a";
    .port_info 1 /INPUT 1 "b";
    .port_info 2 /OUTPUT 1 "out";
L_0x55d6e0e48800 .functor OR 1, L_0x55d6e0e48970, L_0x55d6e0e48ba0, C4<0>, C4<0>;
L_0x55d6e0e48870 .functor NOT 1, L_0x55d6e0e48800, C4<0>, C4<0>, C4<0>;
v0x55d6e0e3acd0_0 .net *"_ivl_0", 0 0, L_0x55d6e0e48800;  1 drivers
v0x55d6e0e3add0_0 .net "a", 0 0, L_0x55d6e0e48970;  1 drivers
v0x55d6e0e3ae90_0 .net "b", 0 0, L_0x55d6e0e48ba0;  1 drivers
v0x55d6e0e3af60_0 .net "out", 0 0, L_0x55d6e0e48870;  alias, 1 drivers
S_0x55d6e0e3b0d0 .scope module, "u_nor8" "nor_gate" 3 99, 4 19 0, S_0x55d6e0e337a0;
 .timescale 0 0;
    .port_info 0 /INPUT 1 "a";
    .port_info 1 /INPUT 1 "b";
    .port_info 2 /OUTPUT 1 "out";
L_0x55d6e0e49a90 .functor OR 1, L_0x55d6e0e48030, L_0x55d6e0e49790, C4<0>, C4<0>;
L_0x55d6e0e49c20 .functor NOT 1, L_0x55d6e0e49a90, C4<0>, C4<0>, C4<0>;
v0x55d6e0e3b300_0 .net *"_ivl_0", 0 0, L_0x55d6e0e49a90;  1 drivers
v0x55d6e0e3b400_0 .net "a", 0 0, L_0x55d6e0e48030;  alias, 1 drivers
v0x55d6e0e3b4c0_0 .net "b", 0 0, L_0x55d6e0e49790;  alias, 1 drivers
v0x55d6e0e3b5c0_0 .net "out", 0 0, L_0x55d6e0e49c20;  alias, 1 drivers
S_0x55d6e0e3b690 .scope module, "u_not1" "not_gate" 3 61, 4 11 0, S_0x55d6e0e337a0;
 .timescale 0 0;
    .port_info 0 /INPUT 1 "in";
    .port_info 1 /OUTPUT 1 "out";
L_0x55d6e0e43f60 .functor NOT 1, v0x55d6e0e31820_0, C4<0>, C4<0>, C4<0>;
v0x55d6e0e3b870_0 .net "in", 0 0, v0x55d6e0e31820_0;  alias, 1 drivers
v0x55d6e0e3b960_0 .net "out", 0 0, L_0x55d6e0e43f60;  alias, 1 drivers
S_0x55d6e0e3ba80 .scope module, "u_or1" "or_gate" 3 81, 4 27 0, S_0x55d6e0e337a0;
 .timescale 0 0;
    .port_info 0 /INPUT 1 "a";
    .port_info 1 /INPUT 1 "b";
    .port_info 2 /OUTPUT 1 "out";
L_0x55d6e0e47a50 .functor OR 1, L_0x55d6e0e47ac0, L_0x55d6e0e47cc0, C4<0>, C4<0>;
v0x55d6e0e3bcb0_0 .net "a", 0 0, L_0x55d6e0e47ac0;  1 drivers
v0x55d6e0e3bd90_0 .net "b", 0 0, L_0x55d6e0e47cc0;  1 drivers
v0x55d6e0e3be50_0 .net "out", 0 0, L_0x55d6e0e47a50;  alias, 1 drivers
S_0x55d6e0e3bf60 .scope module, "u_or2" "or_gate" 3 80, 4 27 0, S_0x55d6e0e337a0;
 .timescale 0 0;
    .port_info 0 /INPUT 1 "a";
    .port_info 1 /INPUT 1 "b";
    .port_info 2 /OUTPUT 1 "out";
L_0x55d6e0e477a0 .functor OR 1, L_0x55d6e0e47810, L_0x55d6e0e479b0, C4<0>, C4<0>;
v0x55d6e0e3c190_0 .net "a", 0 0, L_0x55d6e0e47810;  1 drivers
v0x55d6e0e3c270_0 .net "b", 0 0, L_0x55d6e0e479b0;  1 drivers
v0x55d6e0e3c330_0 .net "out", 0 0, L_0x55d6e0e477a0;  alias, 1 drivers
S_0x55d6e0e3c470 .scope module, "u_or3" "or_gate" 3 79, 4 27 0, S_0x55d6e0e337a0;
 .timescale 0 0;
    .port_info 0 /INPUT 1 "a";
    .port_info 1 /INPUT 1 "b";
    .port_info 2 /OUTPUT 1 "out";
L_0x55d6e0e47460 .functor OR 1, L_0x55d6e0e474d0, L_0x55d6e0e476b0, C4<0>, C4<0>;
v0x55d6e0e3c6a0_0 .net "a", 0 0, L_0x55d6e0e474d0;  1 drivers
v0x55d6e0e3c780_0 .net "b", 0 0, L_0x55d6e0e476b0;  1 drivers
v0x55d6e0e3c840_0 .net "out", 0 0, L_0x55d6e0e47460;  alias, 1 drivers
S_0x55d6e0e3c980 .scope module, "u_or4" "or_gate" 3 78, 4 27 0, S_0x55d6e0e337a0;
 .timescale 0 0;
    .port_info 0 /INPUT 1 "a";
    .port_info 1 /INPUT 1 "b";
    .port_info 2 /OUTPUT 1 "out";
L_0x55d6e0e47300 .functor OR 1, L_0x55d6e0e43f60, L_0x55d6e0e47370, C4<0>, C4<0>;
v0x55d6e0e3cbb0_0 .net "a", 0 0, L_0x55d6e0e43f60;  alias, 1 drivers
v0x55d6e0e3cca0_0 .net "b", 0 0, L_0x55d6e0e47370;  1 drivers
v0x55d6e0e3cd40_0 .net "out", 0 0, L_0x55d6e0e47300;  alias, 1 drivers
S_0x55d6e0e3ce80 .scope module, "u_or5" "or_gate" 3 97, 4 27 0, S_0x55d6e0e337a0;
 .timescale 0 0;
    .port_info 0 /INPUT 1 "a";
    .port_info 1 /INPUT 1 "b";
    .port_info 2 /OUTPUT 1 "out";
L_0x55d6e0e49900 .functor OR 1, L_0x55d6e0e48480, L_0x55d6e0e49690, C4<0>, C4<0>;
v0x55d6e0e3d0b0_0 .net "a", 0 0, L_0x55d6e0e48480;  alias, 1 drivers
v0x55d6e0e3d1a0_0 .net "b", 0 0, L_0x55d6e0e49690;  alias, 1 drivers
v0x55d6e0e3d270_0 .net "out", 0 0, L_0x55d6e0e49900;  alias, 1 drivers
S_0x55d6e0e3d380 .scope module, "u_or6" "or_gate" 3 96, 4 27 0, S_0x55d6e0e337a0;
 .timescale 0 0;
    .port_info 0 /INPUT 1 "a";
    .port_info 1 /INPUT 1 "b";
    .port_info 2 /OUTPUT 1 "out";
L_0x55d6e0e49800 .functor OR 1, L_0x55d6e0e481e0, L_0x55d6e0e49620, C4<0>, C4<0>;
v0x55d6e0e3d5b0_0 .net "a", 0 0, L_0x55d6e0e481e0;  alias, 1 drivers
v0x55d6e0e3d6c0_0 .net "b", 0 0, L_0x55d6e0e49620;  alias, 1 drivers
v0x55d6e0e3d780_0 .net "out", 0 0, L_0x55d6e0e49800;  alias, 1 drivers
S_0x55d6e0e3d890 .scope module, "u_or7" "or_gate" 3 101, 4 27 0, S_0x55d6e0e337a0;
 .timescale 0 0;
    .port_info 0 /INPUT 1 "a";
    .port_info 1 /INPUT 1 "b";
    .port_info 2 /OUTPUT 1 "out";
L_0x55d6e0e49e90 .functor OR 1, L_0x55d6e0e43f60, L_0x55d6e0e49d90, C4<0>, C4<0>;
v0x55d6e0e3dac0_0 .net "a", 0 0, L_0x55d6e0e43f60;  alias, 1 drivers
v0x55d6e0e3dbd0_0 .net "b", 0 0, L_0x55d6e0e49d90;  alias, 1 drivers
v0x55d6e0e3dc90_0 .net "out", 0 0, L_0x55d6e0e49e90;  alias, 1 drivers
S_0x55d6e0e3dd90 .scope module, "u_xor1" "xor_gate" 3 66, 4 15 0, S_0x55d6e0e337a0;
 .timescale 0 0;
    .port_info 0 /INPUT 1 "a";
    .port_info 1 /INPUT 1 "b";
    .port_info 2 /OUTPUT 1 "out";
L_0x55d6e0e44c60 .functor XOR 1, L_0x55d6e0e44cd0, L_0x55d6e0e44dc0, C4<0>, C4<0>;
v0x55d6e0e3dfc0_0 .net "a", 0 0, L_0x55d6e0e44cd0;  1 drivers
v0x55d6e0e3e0a0_0 .net "b", 0 0, L_0x55d6e0e44dc0;  1 drivers
v0x55d6e0e3e160_0 .net "out", 0 0, L_0x55d6e0e44c60;  alias, 1 drivers
S_0x55d6e0e3e2b0 .scope module, "u_xor2" "xor_gate" 3 65, 4 15 0, S_0x55d6e0e337a0;
 .timescale 0 0;
    .port_info 0 /INPUT 1 "a";
    .port_info 1 /INPUT 1 "b";
    .port_info 2 /OUTPUT 1 "out";
L_0x55d6e0e44a20 .functor XOR 1, L_0x55d6e0e44a90, L_0x55d6e0e44b30, C4<0>, C4<0>;
v0x55d6e0e3e4e0_0 .net "a", 0 0, L_0x55d6e0e44a90;  1 drivers
v0x55d6e0e3e5c0_0 .net "b", 0 0, L_0x55d6e0e44b30;  1 drivers
v0x55d6e0e3e680_0 .net "out", 0 0, L_0x55d6e0e44a20;  alias, 1 drivers
S_0x55d6e0e3e7d0 .scope module, "u_xor3" "xor_gate" 3 64, 4 15 0, S_0x55d6e0e337a0;
 .timescale 0 0;
    .port_info 0 /INPUT 1 "a";
    .port_info 1 /INPUT 1 "b";
    .port_info 2 /OUTPUT 1 "out";
L_0x55d6e0e446d0 .functor XOR 1, L_0x55d6e0e44740, L_0x55d6e0e448c0, C4<0>, C4<0>;
v0x55d6e0e3ea00_0 .net "a", 0 0, L_0x55d6e0e44740;  1 drivers
v0x55d6e0e3eae0_0 .net "b", 0 0, L_0x55d6e0e448c0;  1 drivers
v0x55d6e0e3eba0_0 .net "out", 0 0, L_0x55d6e0e446d0;  alias, 1 drivers
S_0x55d6e0e3ecf0 .scope module, "u_xor4" "xor_gate" 3 63, 4 15 0, S_0x55d6e0e337a0;
 .timescale 0 0;
    .port_info 0 /INPUT 1 "a";
    .port_info 1 /INPUT 1 "b";
    .port_info 2 /OUTPUT 1 "out";
L_0x55d6e0e44470 .functor XOR 1, L_0x55d6e0e44540, L_0x55d6e0e445e0, C4<0>, C4<0>;
v0x55d6e0e3f130_0 .net "a", 0 0, L_0x55d6e0e44540;  1 drivers
v0x55d6e0e3f210_0 .net "b", 0 0, L_0x55d6e0e445e0;  1 drivers
v0x55d6e0e3f2d0_0 .net "out", 0 0, L_0x55d6e0e44470;  alias, 1 drivers
S_0x55d6e0e3f420 .scope module, "u_xor5" "xor_gate" 3 108, 4 15 0, S_0x55d6e0e337a0;
 .timescale 0 0;
    .port_info 0 /INPUT 1 "a";
    .port_info 1 /INPUT 1 "b";
    .port_info 2 /OUTPUT 1 "out";
L_0x55d6e0e4a510 .functor XOR 1, L_0x55d6e0e49900, L_0x55d6e0e44c60, C4<0>, C4<0>;
v0x55d6e0e3f650_0 .net "a", 0 0, L_0x55d6e0e49900;  alias, 1 drivers
v0x55d6e0e3f740_0 .net "b", 0 0, L_0x55d6e0e44c60;  alias, 1 drivers
v0x55d6e0e3f810_0 .net "out", 0 0, L_0x55d6e0e4a510;  1 drivers
S_0x55d6e0e3f920 .scope module, "u_xor6" "xor_gate" 3 107, 4 15 0, S_0x55d6e0e337a0;
 .timescale 0 0;
    .port_info 0 /INPUT 1 "a";
    .port_info 1 /INPUT 1 "b";
    .port_info 2 /OUTPUT 1 "out";
L_0x55d6e0e4a380 .functor XOR 1, L_0x55d6e0e49800, L_0x55d6e0e44a20, C4<0>, C4<0>;
v0x55d6e0e3fb50_0 .net "a", 0 0, L_0x55d6e0e49800;  alias, 1 drivers
v0x55d6e0e3fc40_0 .net "b", 0 0, L_0x55d6e0e44a20;  alias, 1 drivers
v0x55d6e0e3fd10_0 .net "out", 0 0, L_0x55d6e0e4a380;  1 drivers
S_0x55d6e0e3fe20 .scope module, "u_xor7" "xor_gate" 3 106, 4 15 0, S_0x55d6e0e337a0;
 .timescale 0 0;
    .port_info 0 /INPUT 1 "a";
    .port_info 1 /INPUT 1 "b";
    .port_info 2 /OUTPUT 1 "out";
L_0x55d6e0e4a280 .functor XOR 1, L_0x55d6e0e47e20, L_0x55d6e0e446d0, C4<0>, C4<0>;
v0x55d6e0e40050_0 .net "a", 0 0, L_0x55d6e0e47e20;  alias, 1 drivers
v0x55d6e0e40160_0 .net "b", 0 0, L_0x55d6e0e446d0;  alias, 1 drivers
v0x55d6e0e40220_0 .net "out", 0 0, L_0x55d6e0e4a280;  1 drivers
S_0x55d6e0e40330 .scope module, "u_xor8" "xor_gate" 3 105, 4 15 0, S_0x55d6e0e337a0;
 .timescale 0 0;
    .port_info 0 /INPUT 1 "a";
    .port_info 1 /INPUT 1 "b";
    .port_info 2 /OUTPUT 1 "out";
L_0x55d6e0e4a100 .functor XOR 1, v0x55d6e0e31820_0, L_0x55d6e0e44470, C4<0>, C4<0>;
v0x55d6e0e40560_0 .net "a", 0 0, v0x55d6e0e31820_0;  alias, 1 drivers
v0x55d6e0e40620_0 .net "b", 0 0, L_0x55d6e0e44470;  alias, 1 drivers
v0x55d6e0e40710_0 .net "out", 0 0, L_0x55d6e0e4a100;  1 drivers
    .scope S_0x55d6e0e0a320;
T_0 ;
    %wait E_0x55d6e0d8a2d0;
    %load/vec4 v0x55d6e0e1f490_0;
    %flag_set/vec4 8;
    %jmp/0xz  T_0.0, 8;
    %pushi/vec4 0, 0, 1;
    %assign/vec4 v0x55d6e0dfa100_0, 0;
    %jmp T_0.1;
T_0.0 ;
    %load/vec4 v0x55d6e0dfa000_0;
    %assign/vec4 v0x55d6e0dfa100_0, 0;
T_0.1 ;
    %jmp T_0;
    .thread T_0;
    .scope S_0x55d6e0e2eee0;
T_1 ;
    %wait E_0x55d6e0d8a2d0;
    %load/vec4 v0x55d6e0e2f090_0;
    %flag_set/vec4 8;
    %jmp/0xz  T_1.0, 8;
    %pushi/vec4 0, 0, 1;
    %assign/vec4 v0x55d6e0e1dcf0_0, 0;
    %jmp T_1.1;
T_1.0 ;
    %load/vec4 v0x55d6e0e1e4f0_0;
    %assign/vec4 v0x55d6e0e1dcf0_0, 0;
T_1.1 ;
    %jmp T_1;
    .thread T_1;
    .scope S_0x55d6e0e2f1f0;
T_2 ;
    %wait E_0x55d6e0d8a2d0;
    %load/vec4 v0x55d6e0e2f650_0;
    %flag_set/vec4 8;
    %jmp/0xz  T_2.0, 8;
    %pushi/vec4 0, 0, 1;
    %assign/vec4 v0x55d6e0e2f5b0_0, 0;
    %jmp T_2.1;
T_2.0 ;
    %load/vec4 v0x55d6e0e2f4f0_0;
    %assign/vec4 v0x55d6e0e2f5b0_0, 0;
T_2.1 ;
    %jmp T_2;
    .thread T_2;
    .scope S_0x55d6e0e2f7c0;
T_3 ;
    %wait E_0x55d6e0d8a2d0;
    %load/vec4 v0x55d6e0e2fbf0_0;
    %flag_set/vec4 8;
    %jmp/0xz  T_3.0, 8;
    %pushi/vec4 0, 0, 1;
    %assign/vec4 v0x55d6e0e2fb20_0, 0;
    %jmp T_3.1;
T_3.0 ;
    %load/vec4 v0x55d6e0e2fa60_0;
    %assign/vec4 v0x55d6e0e2fb20_0, 0;
T_3.1 ;
    %jmp T_3;
    .thread T_3;
    .scope S_0x55d6e0e2fd40;
T_4 ;
    %wait E_0x55d6e0d8a2d0;
    %load/vec4 v0x55d6e0e30190_0;
    %flag_set/vec4 8;
    %jmp/0xz  T_4.0, 8;
    %pushi/vec4 0, 0, 1;
    %assign/vec4 v0x55d6e0e300f0_0, 0;
    %jmp T_4.1;
T_4.0 ;
    %load/vec4 v0x55d6e0e30030_0;
    %assign/vec4 v0x55d6e0e300f0_0, 0;
T_4.1 ;
    %jmp T_4;
    .thread T_4;
    .scope S_0x55d6e0e30370;
T_5 ;
    %wait E_0x55d6e0d8a2d0;
    %load/vec4 v0x55d6e0e30750_0;
    %flag_set/vec4 8;
    %jmp/0xz  T_5.0, 8;
    %pushi/vec4 0, 0, 1;
    %assign/vec4 v0x55d6e0e30680_0, 0;
    %jmp T_5.1;
T_5.0 ;
    %load/vec4 v0x55d6e0e305c0_0;
    %assign/vec4 v0x55d6e0e30680_0, 0;
T_5.1 ;
    %jmp T_5;
    .thread T_5;
    .scope S_0x55d6e0e308a0;
T_6 ;
    %wait E_0x55d6e0d8a2d0;
    %load/vec4 v0x55d6e0e30c80_0;
    %flag_set/vec4 8;
    %jmp/0xz  T_6.0, 8;
    %pushi/vec4 0, 0, 1;
    %assign/vec4 v0x55d6e0e30bb0_0, 0;
    %jmp T_6.1;
T_6.0 ;
    %load/vec4 v0x55d6e0e30af0_0;
    %assign/vec4 v0x55d6e0e30bb0_0, 0;
T_6.1 ;
    %jmp T_6;
    .thread T_6;
    .scope S_0x55d6e0e30dd0;
T_7 ;
    %wait E_0x55d6e0d8a2d0;
    %load/vec4 v0x55d6e0e31270_0;
    %flag_set/vec4 8;
    %jmp/0xz  T_7.0, 8;
    %pushi/vec4 0, 0, 1;
    %assign/vec4 v0x55d6e0e311a0_0, 0;
    %jmp T_7.1;
T_7.0 ;
    %load/vec4 v0x55d6e0e310e0_0;
    %assign/vec4 v0x55d6e0e311a0_0, 0;
T_7.1 ;
    %jmp T_7;
    .thread T_7;
    .scope S_0x55d6e0e313c0;
T_8 ;
    %wait E_0x55d6e0d8a2d0;
    %load/vec4 v0x55d6e0e318f0_0;
    %flag_set/vec4 8;
    %jmp/0xz  T_8.0, 8;
    %pushi/vec4 0, 0, 1;
    %assign/vec4 v0x55d6e0e31820_0, 0;
    %jmp T_8.1;
T_8.0 ;
    %load/vec4 v0x55d6e0e31760_0;
    %assign/vec4 v0x55d6e0e31820_0, 0;
T_8.1 ;
    %jmp T_8;
    .thread T_8;
    .scope S_0x55d6e0e31fe0;
T_9 ;
    %wait E_0x55d6e0d8a2d0;
    %load/vec4 v0x55d6e0e32480_0;
    %flag_set/vec4 8;
    %jmp/0xz  T_9.0, 8;
    %pushi/vec4 0, 0, 1;
    %assign/vec4 v0x55d6e0e323b0_0, 0;
    %jmp T_9.1;
T_9.0 ;
    %load/vec4 v0x55d6e0e322f0_0;
    %assign/vec4 v0x55d6e0e323b0_0, 0;
T_9.1 ;
    %jmp T_9;
    .thread T_9;
    .scope S_0x55d6e0e325d0;
T_10 ;
    %wait E_0x55d6e0d8a2d0;
    %load/vec4 v0x55d6e0e32a70_0;
    %flag_set/vec4 8;
    %jmp/0xz  T_10.0, 8;
    %pushi/vec4 0, 0, 1;
    %assign/vec4 v0x55d6e0e329a0_0, 0;
    %jmp T_10.1;
T_10.0 ;
    %load/vec4 v0x55d6e0e328e0_0;
    %assign/vec4 v0x55d6e0e329a0_0, 0;
T_10.1 ;
    %jmp T_10;
    .thread T_10;
    .scope S_0x55d6e0e32bc0;
T_11 ;
    %wait E_0x55d6e0d8a2d0;
    %load/vec4 v0x55d6e0e33060_0;
    %flag_set/vec4 8;
    %jmp/0xz  T_11.0, 8;
    %pushi/vec4 0, 0, 1;
    %assign/vec4 v0x55d6e0e32f90_0, 0;
    %jmp T_11.1;
T_11.0 ;
    %load/vec4 v0x55d6e0e32ed0_0;
    %assign/vec4 v0x55d6e0e32f90_0, 0;
T_11.1 ;
    %jmp T_11;
    .thread T_11;
    .scope S_0x55d6e0e331b0;
T_12 ;
    %wait E_0x55d6e0d8a2d0;
    %load/vec4 v0x55d6e0e33650_0;
    %flag_set/vec4 8;
    %jmp/0xz  T_12.0, 8;
    %pushi/vec4 0, 0, 1;
    %assign/vec4 v0x55d6e0e33580_0, 0;
    %jmp T_12.1;
T_12.0 ;
    %load/vec4 v0x55d6e0e334c0_0;
    %assign/vec4 v0x55d6e0e33580_0, 0;
T_12.1 ;
    %jmp T_12;
    .thread T_12;
    .scope S_0x55d6e0e31a40;
T_13 ;
    %wait E_0x55d6e0d8a2d0;
    %load/vec4 v0x55d6e0e31e90_0;
    %flag_set/vec4 8;
    %jmp/0xz  T_13.0, 8;
    %pushi/vec4 0, 0, 1;
    %assign/vec4 v0x55d6e0e31dc0_0, 0;
    %jmp T_13.1;
T_13.0 ;
    %load/vec4 v0x55d6e0e31d00_0;
    %assign/vec4 v0x55d6e0e31dc0_0, 0;
T_13.1 ;
    %jmp T_13;
    .thread T_13;
    .scope S_0x55d6e0e1bbf0;
T_14 ;
    %pushi/vec4 0, 0, 1;
    %store/vec4 v0x55d6e0e43390_0, 0, 1;
T_14.0 ;
    %delay 5000, 0;
    %load/vec4 v0x55d6e0e43390_0;
    %inv;
    %store/vec4 v0x55d6e0e43390_0, 0, 1;
    %jmp T_14.0;
    %end;
    .thread T_14;
    .scope S_0x55d6e0e1bbf0;
T_15 ;
    %vpi_call 2 23 "$dumpfile", "cla_tb.vcd" {0 0 0};
    %vpi_call 2 24 "$dumpvars", 32'sb00000000000000000000000000000000, S_0x55d6e0e1bbf0 {0 0 0};
    %pushi/vec4 13, 0, 4;
    %store/vec4 v0x55d6e0e42f90_0, 0, 4;
    %pushi/vec4 7, 0, 4;
    %store/vec4 v0x55d6e0e43070_0, 0, 4;
    %pushi/vec4 1, 0, 1;
    %store/vec4 v0x55d6e0e43110_0, 0, 1;
    %vpi_call 2 26 "$display", "A = %b(%d), B = %b(%d), C0 = %b", v0x55d6e0e42f90_0, v0x55d6e0e42f90_0, v0x55d6e0e43070_0, v0x55d6e0e43070_0, v0x55d6e0e43110_0 {0 0 0};
    %pushi/vec4 1, 0, 1;
    %store/vec4 v0x55d6e0e43430_0, 0, 1;
    %delay 10000, 0;
    %pushi/vec4 0, 0, 1;
    %store/vec4 v0x55d6e0e43430_0, 0, 1;
    %delay 20000, 0;
    %load/vec4 v0x55d6e0e431b0_0;
    %pad/u 32;
    %muli 16, 0, 32;
    %vpi_call 2 31 "$display", "Sum = %b(%d), Cout = %b(%2d)", v0x55d6e0e432a0_0, v0x55d6e0e432a0_0, v0x55d6e0e431b0_0, S<0,vec4,u32> {1 0 0};
    %vpi_call 2 32 "$finish" {0 0 0};
    %end;
    .thread T_15;
# The file index is used to find the file name in the following table.
:file_names 5;
    "N/A";
    "<interactive>";
    "cla_tb.v";
    "./cla_design.v";
    "./helper_modules_design.v";
